<?xml version="1.0" encoding="UTF-8"?>
<!-- Generated by org.testng.reporters.JUnitReportReporter -->
<testsuite hostname="FIPL" failures="0" tests="1" name="planit.tricentis.testcases.OrderTest" time="52.263" errors="0" timestamp="2021-03-19T19:13:11 IST" skipped="0">
  <testcase classname="planit.tricentis.testcases.OrderTest" name="orderConfirmationTest" time="52.263"/>
  <system-out/>
</testsuite> <!-- planit.tricentis.testcases.OrderTest -->
