<?xml version="1.0" encoding="UTF-8"?>
<!-- Generated by org.testng.reporters.JUnitReportReporter -->
<testsuite hostname="FIPL" failures="0" tests="1" name="planit.tricentis.OrderTest" time="2.722" errors="0" timestamp="2021-03-19T15:21:53 IST" skipped="0">
  <testcase classname="planit.tricentis.OrderTest" name="orderConfirmationTest" time="2.722"/>
  <system-out/>
</testsuite> <!-- planit.tricentis.OrderTest -->
